<?xml version="1.0" encoding="UTF-8"?>
<!-- Generated by org.testng.reporters.JUnitXMLReporter -->
<testsuite ignored="0" hostname="RAHULs-MacBook-Air-2.local" failures="0" tests="4" name="Surefire test" time="40.299" errors="0" timestamp="2025-07-26T02:25:23 IST">
  <testcase classname="SulekhaMaliPractice.SeleniumFramework.AppTest" name="verifyMultipleOrderBooking" time="22.584"/>
  <testcase classname="SulekhaMaliPractice.SeleniumFramework.Tests.OrderBookingTests" name="verifyMultipleOrderBooking" time="2.336"/>
  <testcase classname="SulekhaMaliPractice.SeleniumFramework.Tests.OrderBookingTests" name="verifyOrderBooking" time="1.708"/>
  <testcase classname="SulekhaMaliPractice.SeleniumFramework.Tests.OrderBookingTests" name="verifyShoppingBadgeIconChange" time="0.918"/>
</testsuite> <!-- Surefire test -->
