<?xml version="1.0" encoding="UTF-8"?>
<!-- Generated by org.testng.reporters.JUnitXMLReporter -->
<testsuite ignored="0" hostname="RAHULs-MacBook-Air-2.local" failures="0" tests="2" name="Default test" time="7.917" errors="0" timestamp="2025-08-25T23:32:32 IST">
  <testcase classname="SulekhaMaliPractice.SeleniumFramework.Tests.ErrorValidations" name="verifyFillingAllDetails" time="1.037"/>
  <testcase classname="SulekhaMaliPractice.SeleniumFramework.Tests.ErrorValidations" name="verifyInvalidLogin" time="0.166"/>
</testsuite> <!-- Default test -->
