<?xml version="1.0" encoding="UTF-8"?>
<!-- Generated by org.testng.reporters.JUnitXMLReporter -->
<testsuite ignored="0" hostname="RAHULs-MacBook-Air-2.local" failures="0" tests="3" name="Default test" time="19.388" errors="0" timestamp="2025-08-18T00:29:33 IST">
  <testcase classname="SulekhaMaliPractice.SeleniumFramework.Tests.OrderBookingTests" name="verifyMultipleOrderBooking" time="2.383"/>
  <testcase classname="SulekhaMaliPractice.SeleniumFramework.Tests.OrderBookingTests" name="verifyOrderBooking" time="1.66"/>
  <testcase classname="SulekhaMaliPractice.SeleniumFramework.Tests.OrderBookingTests" name="verifyShoppingBadgeIconChange" time="0.892"/>
</testsuite> <!-- Default test -->
