<?xml version="1.0" encoding="UTF-8"?>
<!-- Generated by org.testng.reporters.JUnitXMLReporter -->
<testsuite ignored="0" hostname="RAHULs-MacBook-Air-2.local" failures="0" tests="3" name="Test" time="10.094" errors="0" timestamp="2025-08-18T00:36:56 IST">
  <testcase classname="SulekhaMaliPractice.SeleniumFramework.Tests.OrderBookingTests" name="verifyMultipleOrderBooking" time="2.284"/>
  <testcase classname="SulekhaMaliPractice.SeleniumFramework.Tests.OrderBookingTests" name="verifyOrderBooking" time="1.606"/>
  <testcase classname="SulekhaMaliPractice.SeleniumFramework.Tests.OrderBookingTests" name="verifyShoppingBadgeIconChange" time="0.837"/>
</testsuite> <!-- Test -->
