<?xml version="1.0" encoding="UTF-8"?>
<!-- Generated by org.testng.reporters.JUnitXMLReporter -->
<testsuite ignored="0" hostname="RAHULs-MacBook-Air-2.local" failures="0" tests="5" name="Test" time="12.508" errors="0" timestamp="2025-07-26T16:01:14 IST">
  <testcase classname="SulekhaMaliPractice.SeleniumFramework.Tests.ErrorValidations" name="verifyFillingAllDetails" time="1.003"/>
  <testcase classname="SulekhaMaliPractice.SeleniumFramework.Tests.ErrorValidations" name="verifyInvalidLogin" time="0.169"/>
  <testcase classname="SulekhaMaliPractice.SeleniumFramework.Tests.OrderBookingTests" name="verifyMultipleOrderBooking" time="2.232"/>
  <testcase classname="SulekhaMaliPractice.SeleniumFramework.Tests.OrderBookingTests" name="verifyOrderBooking" time="1.575"/>
  <testcase classname="SulekhaMaliPractice.SeleniumFramework.Tests.OrderBookingTests" name="verifyShoppingBadgeIconChange" time="0.839"/>
</testsuite> <!-- Test -->
