<?xml version="1.0" encoding="UTF-8"?>
<testng-results ignored="0" total="3" passed="3" failed="0" skipped="0">
  <reporter-output>
  </reporter-output>
  <suite started-at="2025-08-18T00:36:45 IST" name="Suite" finished-at="2025-08-18T00:36:56 IST" duration-ms="10094">
    <groups>
    </groups>
    <test started-at="2025-08-18T00:36:45 IST" name="Test" finished-at="2025-08-18T00:36:56 IST" duration-ms="10094">
      <class name="SulekhaMaliPractice.SeleniumFramework.Tests.OrderBookingTests">
        <test-method is-config="true" signature="LaunchApp()[pri:0, instance:SulekhaMaliPractice.SeleniumFramework.Tests.OrderBookingTests@2e3967ea]" started-at="2025-08-18T00:36:45 IST" name="LaunchApp" finished-at="2025-08-18T00:36:48 IST" duration-ms="2591" status="PASS">
          <reporter-output>
          </reporter-output>
        </test-method> <!-- LaunchApp -->
        <test-method signature="verifyMultipleOrderBooking()[pri:0, instance:SulekhaMaliPractice.SeleniumFramework.Tests.OrderBookingTests@2e3967ea]" started-at="2025-08-18T00:36:48 IST" name="verifyMultipleOrderBooking" finished-at="2025-08-18T00:36:50 IST" duration-ms="2284" status="PASS">
          <reporter-output>
          </reporter-output>
        </test-method> <!-- verifyMultipleOrderBooking -->
        <test-method is-config="true" signature="closeDriver()[pri:0, instance:SulekhaMaliPractice.SeleniumFramework.Tests.OrderBookingTests@2e3967ea]" started-at="2025-08-18T00:36:50 IST" name="closeDriver" finished-at="2025-08-18T00:36:50 IST" duration-ms="112" status="PASS">
          <reporter-output>
          </reporter-output>
        </test-method> <!-- closeDriver -->
        <test-method is-config="true" signature="LaunchApp()[pri:0, instance:SulekhaMaliPractice.SeleniumFramework.Tests.OrderBookingTests@2e3967ea]" started-at="2025-08-18T00:36:50 IST" name="LaunchApp" finished-at="2025-08-18T00:36:52 IST" duration-ms="1196" status="PASS">
          <reporter-output>
          </reporter-output>
        </test-method> <!-- LaunchApp -->
        <test-method signature="verifyOrderBooking()[pri:0, instance:SulekhaMaliPractice.SeleniumFramework.Tests.OrderBookingTests@2e3967ea]" started-at="2025-08-18T00:36:52 IST" name="verifyOrderBooking" finished-at="2025-08-18T00:36:53 IST" duration-ms="1606" status="PASS">
          <reporter-output>
          </reporter-output>
        </test-method> <!-- verifyOrderBooking -->
        <test-method is-config="true" signature="closeDriver()[pri:0, instance:SulekhaMaliPractice.SeleniumFramework.Tests.OrderBookingTests@2e3967ea]" started-at="2025-08-18T00:36:53 IST" name="closeDriver" finished-at="2025-08-18T00:36:53 IST" duration-ms="110" status="PASS">
          <reporter-output>
          </reporter-output>
        </test-method> <!-- closeDriver -->
        <test-method is-config="true" signature="LaunchApp()[pri:0, instance:SulekhaMaliPractice.SeleniumFramework.Tests.OrderBookingTests@2e3967ea]" started-at="2025-08-18T00:36:53 IST" name="LaunchApp" finished-at="2025-08-18T00:36:55 IST" duration-ms="1206" status="PASS">
          <reporter-output>
          </reporter-output>
        </test-method> <!-- LaunchApp -->
        <test-method signature="verifyShoppingBadgeIconChange()[pri:0, instance:SulekhaMaliPractice.SeleniumFramework.Tests.OrderBookingTests@2e3967ea]" started-at="2025-08-18T00:36:55 IST" name="verifyShoppingBadgeIconChange" finished-at="2025-08-18T00:36:55 IST" duration-ms="837" status="PASS">
          <reporter-output>
          </reporter-output>
        </test-method> <!-- verifyShoppingBadgeIconChange -->
        <test-method is-config="true" signature="closeDriver()[pri:0, instance:SulekhaMaliPractice.SeleniumFramework.Tests.OrderBookingTests@2e3967ea]" started-at="2025-08-18T00:36:55 IST" name="closeDriver" finished-at="2025-08-18T00:36:56 IST" duration-ms="133" status="PASS">
          <reporter-output>
          </reporter-output>
        </test-method> <!-- closeDriver -->
      </class> <!-- SulekhaMaliPractice.SeleniumFramework.Tests.OrderBookingTests -->
    </test> <!-- Test -->
  </suite> <!-- Suite -->
</testng-results>
