<?xml version="1.0" encoding="UTF-8"?>
<testng-results ignored="0" total="3" passed="3" failed="0" skipped="0">
  <reporter-output>
  </reporter-output>
  <suite started-at="2025-08-18T00:29:14 IST" name="Default suite" finished-at="2025-08-18T00:29:33 IST" duration-ms="19388">
    <groups>
    </groups>
    <test started-at="2025-08-18T00:29:14 IST" name="Default test" finished-at="2025-08-18T00:29:33 IST" duration-ms="19388">
      <class name="SulekhaMaliPractice.SeleniumFramework.Tests.OrderBookingTests">
        <test-method is-config="true" signature="LaunchApp()[pri:0, instance:SulekhaMaliPractice.SeleniumFramework.Tests.OrderBookingTests@32eff876]" started-at="2025-08-18T00:29:14 IST" name="LaunchApp" finished-at="2025-08-18T00:29:21 IST" duration-ms="7439" status="PASS">
          <reporter-output>
          </reporter-output>
        </test-method> <!-- LaunchApp -->
        <test-method signature="verifyMultipleOrderBooking()[pri:0, instance:SulekhaMaliPractice.SeleniumFramework.Tests.OrderBookingTests@32eff876]" started-at="2025-08-18T00:29:21 IST" name="verifyMultipleOrderBooking" finished-at="2025-08-18T00:29:23 IST" duration-ms="2383" status="PASS">
          <reporter-output>
          </reporter-output>
        </test-method> <!-- verifyMultipleOrderBooking -->
        <test-method is-config="true" signature="closeDriver()[pri:0, instance:SulekhaMaliPractice.SeleniumFramework.Tests.OrderBookingTests@32eff876]" started-at="2025-08-18T00:29:23 IST" name="closeDriver" finished-at="2025-08-18T00:29:24 IST" duration-ms="412" status="PASS">
          <reporter-output>
          </reporter-output>
        </test-method> <!-- closeDriver -->
        <test-method is-config="true" signature="LaunchApp()[pri:0, instance:SulekhaMaliPractice.SeleniumFramework.Tests.OrderBookingTests@32eff876]" started-at="2025-08-18T00:29:24 IST" name="LaunchApp" finished-at="2025-08-18T00:29:26 IST" duration-ms="2533" status="PASS">
          <reporter-output>
          </reporter-output>
        </test-method> <!-- LaunchApp -->
        <test-method signature="verifyOrderBooking()[pri:0, instance:SulekhaMaliPractice.SeleniumFramework.Tests.OrderBookingTests@32eff876]" started-at="2025-08-18T00:29:26 IST" name="verifyOrderBooking" finished-at="2025-08-18T00:29:28 IST" duration-ms="1660" status="PASS">
          <reporter-output>
          </reporter-output>
        </test-method> <!-- verifyOrderBooking -->
        <test-method is-config="true" signature="closeDriver()[pri:0, instance:SulekhaMaliPractice.SeleniumFramework.Tests.OrderBookingTests@32eff876]" started-at="2025-08-18T00:29:28 IST" name="closeDriver" finished-at="2025-08-18T00:29:28 IST" duration-ms="408" status="PASS">
          <reporter-output>
          </reporter-output>
        </test-method> <!-- closeDriver -->
        <test-method is-config="true" signature="LaunchApp()[pri:0, instance:SulekhaMaliPractice.SeleniumFramework.Tests.OrderBookingTests@32eff876]" started-at="2025-08-18T00:29:28 IST" name="LaunchApp" finished-at="2025-08-18T00:29:32 IST" duration-ms="3178" status="PASS">
          <reporter-output>
          </reporter-output>
        </test-method> <!-- LaunchApp -->
        <test-method signature="verifyShoppingBadgeIconChange()[pri:0, instance:SulekhaMaliPractice.SeleniumFramework.Tests.OrderBookingTests@32eff876]" started-at="2025-08-18T00:29:32 IST" name="verifyShoppingBadgeIconChange" finished-at="2025-08-18T00:29:33 IST" duration-ms="892" status="PASS">
          <reporter-output>
          </reporter-output>
        </test-method> <!-- verifyShoppingBadgeIconChange -->
        <test-method is-config="true" signature="closeDriver()[pri:0, instance:SulekhaMaliPractice.SeleniumFramework.Tests.OrderBookingTests@32eff876]" started-at="2025-08-18T00:29:33 IST" name="closeDriver" finished-at="2025-08-18T00:29:33 IST" duration-ms="464" status="PASS">
          <reporter-output>
          </reporter-output>
        </test-method> <!-- closeDriver -->
      </class> <!-- SulekhaMaliPractice.SeleniumFramework.Tests.OrderBookingTests -->
    </test> <!-- Default test -->
  </suite> <!-- Default suite -->
</testng-results>
